{
  "stats": {
    "suites": 1,
    "tests": 1,
    "passes": 1,
    "pending": 0,
    "failures": 0,
    "start": "2025-04-07T13:39:24.595Z",
    "end": "2025-04-07T13:40:22.834Z",
    "duration": 58239,
    "testsRegistered": 1,
    "passPercent": 100,
    "pendingPercent": 0,
    "other": 0,
    "hasOther": false,
    "skipped": 0,
    "hasSkipped": false
  },
  "results": [
    {
      "uuid": "ba23e533-03fb-40d9-95ec-bfee35e54aff",
      "title": "",
      "fullFile": "cypress\\e2e\\recordingScript.cy.js",
      "file": "cypress\\e2e\\recordingScript.cy.js",
      "beforeHooks": [],
      "afterHooks": [],
      "tests": [],
      "suites": [
        {
          "uuid": "1d84075c-989c-47e4-9ab8-74c343609f30",
          "title": "Recording script and Drodown handling",
          "fullFile": "",
          "file": "",
          "beforeHooks": [],
          "afterHooks": [],
          "tests": [
            {
              "title": "should handle the dropdown",
              "fullTitle": "Recording script and Drodown handling should handle the dropdown",
              "timedOut": null,
              "duration": 55186,
              "state": "passed",
              "speed": "slow",
              "pass": true,
              "fail": false,
              "pending": false,
              "context": null,
              "code": "/* ==== Generated with Cypress Studio ==== */\n//Recording script with cypress studio\ncy.visit('https://ecommerce-admin.azureedge.net/');\ncy.get('[data-testid=\"email-input\"]').type('ecommerceadmin@yopmail.com');\ncy.get('.md\\\\:col-12').click();\ncy.get('[data-testid=\"password-input\"]').type('Test@123');\ncy.get('[data-testid=\"submit\"]').click();\ncy.get('#p-accordiontab-0').click();\ncy.get('ul.ng-star-inserted > :nth-child(1) > a').click();\n//Handling dropdown\ncy.get('[data-testid=\"delivery-method-filter\"] > .p-dropdown > .p-dropdown-trigger').click();\ncy.get('[ng-reflect-label=\"Store Pickup\"] > .p-ripple').click();\n/* ==== End Cypress Studio ==== */",
              "err": {},
              "uuid": "b94bf840-775a-41ac-be21-8634ad91118c",
              "parentUUID": "1d84075c-989c-47e4-9ab8-74c343609f30",
              "isHook": false,
              "skipped": false
            }
          ],
          "suites": [],
          "passes": [
            "b94bf840-775a-41ac-be21-8634ad91118c"
          ],
          "failures": [],
          "pending": [],
          "skipped": [],
          "duration": 55186,
          "root": false,
          "rootEmpty": false,
          "_timeout": 2000
        }
      ],
      "passes": [],
      "failures": [],
      "pending": [],
      "skipped": [],
      "duration": 0,
      "root": true,
      "rootEmpty": true,
      "_timeout": 2000
    }
  ],
  "meta": {
    "mocha": {
      "version": "7.0.1"
    },
    "mochawesome": {
      "options": {
        "quiet": false,
        "reportFilename": "mochawesome",
        "saveHtml": true,
        "saveJson": true,
        "consoleReporter": "spec",
        "useInlineDiffs": false,
        "code": true
      },
      "version": "7.1.3"
    },
    "marge": {
      "options": {
        "reportDir": "report",
        "overwrite": false,
        "html": true,
        "json": true
      },
      "version": "6.2.0"
    }
  }
}