{
  "stats": {
    "suites": 1,
    "tests": 1,
    "passes": 1,
    "pending": 0,
    "failures": 0,
    "start": "2025-04-07T13:39:11.945Z",
    "end": "2025-04-07T13:39:21.528Z",
    "duration": 9583,
    "testsRegistered": 1,
    "passPercent": 100,
    "pendingPercent": 0,
    "other": 0,
    "hasOther": false,
    "skipped": 0,
    "hasSkipped": false
  },
  "results": [
    {
      "uuid": "b5af24af-f0f1-40e2-bf2b-4b9924a283fa",
      "title": "",
      "fullFile": "cypress\\e2e\\radioButton.cy.js",
      "file": "cypress\\e2e\\radioButton.cy.js",
      "beforeHooks": [],
      "afterHooks": [],
      "tests": [],
      "suites": [
        {
          "uuid": "1b8fedaa-0f66-4245-be4b-5e1effee8f5e",
          "title": "Radiobutton handling",
          "fullFile": "",
          "file": "",
          "beforeHooks": [],
          "afterHooks": [],
          "tests": [
            {
              "title": "should handle the radio button",
              "fullTitle": "Radiobutton handling should handle the radio button",
              "timedOut": null,
              "duration": 5703,
              "state": "passed",
              "speed": "medium",
              "pass": true,
              "fail": false,
              "pending": false,
              "context": null,
              "code": "cy.visit('https://practice.expandtesting.com/radio-buttons');\ncy.get(':nth-child(1) > .card > .card-body > .row > .row-md-6 > :nth-child(3)').click();\ncy.get('#red').check();\ncy.get('#blue').check();\ncy.get('#basketball').check();\ncy.get('#football').check();",
              "err": {},
              "uuid": "4f467484-d944-42f9-ac21-91e52a3b0bf1",
              "parentUUID": "1b8fedaa-0f66-4245-be4b-5e1effee8f5e",
              "isHook": false,
              "skipped": false
            }
          ],
          "suites": [],
          "passes": [
            "4f467484-d944-42f9-ac21-91e52a3b0bf1"
          ],
          "failures": [],
          "pending": [],
          "skipped": [],
          "duration": 5703,
          "root": false,
          "rootEmpty": false,
          "_timeout": 2000
        }
      ],
      "passes": [],
      "failures": [],
      "pending": [],
      "skipped": [],
      "duration": 0,
      "root": true,
      "rootEmpty": true,
      "_timeout": 2000
    }
  ],
  "meta": {
    "mocha": {
      "version": "7.0.1"
    },
    "mochawesome": {
      "options": {
        "quiet": false,
        "reportFilename": "mochawesome",
        "saveHtml": true,
        "saveJson": true,
        "consoleReporter": "spec",
        "useInlineDiffs": false,
        "code": true
      },
      "version": "7.1.3"
    },
    "marge": {
      "options": {
        "reportDir": "report",
        "overwrite": false,
        "html": true,
        "json": true
      },
      "version": "6.2.0"
    }
  }
}