{
  "stats": {
    "suites": 1,
    "tests": 1,
    "passes": 1,
    "pending": 0,
    "failures": 0,
    "start": "2025-04-07T13:38:57.275Z",
    "end": "2025-04-07T13:39:04.569Z",
    "duration": 7294,
    "testsRegistered": 1,
    "passPercent": 100,
    "pendingPercent": 0,
    "other": 0,
    "hasOther": false,
    "skipped": 0,
    "hasSkipped": false
  },
  "results": [
    {
      "uuid": "eb4cab56-485f-46aa-998e-d0e422d0ae9a",
      "title": "",
      "fullFile": "cypress\\e2e\\login.cy.js",
      "file": "cypress\\e2e\\login.cy.js",
      "beforeHooks": [],
      "afterHooks": [],
      "tests": [],
      "suites": [
        {
          "uuid": "2f764e9e-8abb-4845-80b7-b2a1da043ec8",
          "title": "Login Page Tests",
          "fullFile": "",
          "file": "",
          "beforeHooks": [],
          "afterHooks": [],
          "tests": [
            {
              "title": "should login into the application",
              "fullTitle": "Login Page Tests should login into the application",
              "timedOut": null,
              "duration": 5427,
              "state": "passed",
              "speed": "medium",
              "pass": true,
              "fail": false,
              "pending": false,
              "context": null,
              "code": "cy.visit('https://ecommerce-admin.azureedge.net/');\nloginPage.getEmailInput().type('ecommerceadmin@yopmail.com');\nloginPage.getPasswordInput().type('Test@123');\n// Verify the login button is visible\n//Handling Assertion\nloginPage.verifySubmitButtonIsVisible();\nloginPage.getSubmitButton().click();",
              "err": {},
              "uuid": "8d1ce36c-42ae-4d9d-8bf7-99118d689806",
              "parentUUID": "2f764e9e-8abb-4845-80b7-b2a1da043ec8",
              "isHook": false,
              "skipped": false
            }
          ],
          "suites": [],
          "passes": [
            "8d1ce36c-42ae-4d9d-8bf7-99118d689806"
          ],
          "failures": [],
          "pending": [],
          "skipped": [],
          "duration": 5427,
          "root": false,
          "rootEmpty": false,
          "_timeout": 2000
        }
      ],
      "passes": [],
      "failures": [],
      "pending": [],
      "skipped": [],
      "duration": 0,
      "root": true,
      "rootEmpty": true,
      "_timeout": 2000
    }
  ],
  "meta": {
    "mocha": {
      "version": "7.0.1"
    },
    "mochawesome": {
      "options": {
        "quiet": false,
        "reportFilename": "mochawesome",
        "saveHtml": true,
        "saveJson": true,
        "consoleReporter": "spec",
        "useInlineDiffs": false,
        "code": true
      },
      "version": "7.1.3"
    },
    "marge": {
      "options": {
        "reportDir": "report",
        "overwrite": false,
        "html": true,
        "json": true
      },
      "version": "6.2.0"
    }
  }
}