{
  "stats": {
    "suites": 1,
    "tests": 1,
    "passes": 1,
    "pending": 0,
    "failures": 0,
    "start": "2025-04-07T13:38:37.230Z",
    "end": "2025-04-07T13:38:43.913Z",
    "duration": 6683,
    "testsRegistered": 1,
    "passPercent": 100,
    "pendingPercent": 0,
    "other": 0,
    "hasOther": false,
    "skipped": 0,
    "hasSkipped": false
  },
  "results": [
    {
      "uuid": "13d31833-3fcd-43fc-82ca-a3407af62290",
      "title": "",
      "fullFile": "cypress\\e2e\\fixture.cy.js",
      "file": "cypress\\e2e\\fixture.cy.js",
      "beforeHooks": [],
      "afterHooks": [],
      "tests": [],
      "suites": [
        {
          "uuid": "a53b6ca6-9324-4f4c-8ac1-3bdb80c8e23a",
          "title": "import fixtures data",
          "fullFile": "",
          "file": "",
          "beforeHooks": [],
          "afterHooks": [],
          "tests": [
            {
              "title": "should login into the application",
              "fullTitle": "import fixtures data should login into the application",
              "timedOut": null,
              "duration": 4666,
              "state": "passed",
              "speed": "fast",
              "pass": true,
              "fail": false,
              "pending": false,
              "context": null,
              "code": "cy.visit('https://ecommerce-admin.azureedge.net/');\n//Import data from fixtures and page object\ncy.fixture('loginData').then(loginData => {\n  loginPage.getEmailInput().type(loginData.email);\n  loginPage.getPasswordInput().type(loginData.password);\n  loginPage.getSubmitButton().click();\n});",
              "err": {},
              "uuid": "59262624-1844-41fd-81f2-c27ecaf8fda5",
              "parentUUID": "a53b6ca6-9324-4f4c-8ac1-3bdb80c8e23a",
              "isHook": false,
              "skipped": false
            }
          ],
          "suites": [],
          "passes": [
            "59262624-1844-41fd-81f2-c27ecaf8fda5"
          ],
          "failures": [],
          "pending": [],
          "skipped": [],
          "duration": 4666,
          "root": false,
          "rootEmpty": false,
          "_timeout": 2000
        }
      ],
      "passes": [],
      "failures": [],
      "pending": [],
      "skipped": [],
      "duration": 0,
      "root": true,
      "rootEmpty": true,
      "_timeout": 2000
    }
  ],
  "meta": {
    "mocha": {
      "version": "7.0.1"
    },
    "mochawesome": {
      "options": {
        "quiet": false,
        "reportFilename": "mochawesome",
        "saveHtml": true,
        "saveJson": true,
        "consoleReporter": "spec",
        "useInlineDiffs": false,
        "code": true
      },
      "version": "7.1.3"
    },
    "marge": {
      "options": {
        "reportDir": "report",
        "overwrite": false,
        "html": true,
        "json": true
      },
      "version": "6.2.0"
    }
  }
}