{
  "stats": {
    "suites": 1,
    "tests": 1,
    "passes": 1,
    "pending": 0,
    "failures": 0,
    "start": "2025-04-07T13:39:07.799Z",
    "end": "2025-04-07T13:39:08.987Z",
    "duration": 1188,
    "testsRegistered": 1,
    "passPercent": 100,
    "pendingPercent": 0,
    "other": 0,
    "hasOther": false,
    "skipped": 0,
    "hasSkipped": false
  },
  "results": [
    {
      "uuid": "b03a328b-4b79-4ec3-b5e9-62e657ac7d25",
      "title": "",
      "fullFile": "cypress\\e2e\\loginApi.cy.js",
      "file": "cypress\\e2e\\loginApi.cy.js",
      "beforeHooks": [],
      "afterHooks": [],
      "tests": [],
      "suites": [
        {
          "uuid": "67957ce0-812f-4c02-9b24-40935d903ee3",
          "title": "API Authentication Test",
          "fullFile": "",
          "file": "",
          "beforeHooks": [],
          "afterHooks": [],
          "tests": [
            {
              "title": "should authenticate successfully",
              "fullTitle": "API Authentication Test should authenticate successfully",
              "timedOut": null,
              "duration": 1161,
              "state": "passed",
              "speed": "fast",
              "pass": true,
              "fail": false,
              "pending": false,
              "context": null,
              "code": "cy.request({\n  method: 'POST',\n  url: 'http://20.203.35.168/api/auth/login',\n  headers: {\n    platform: 'admin',\n    'Content-Type': 'application/json'\n  },\n  body: {\n    \"email\": \"ecommerceadmin@yopmail.com\",\n    \"password\": \"Test@123\"\n  }\n}).then(response => {\n  // Validate the status code\n  expect(response.status).to.eq(200);\n});",
              "err": {},
              "uuid": "ed76c8f7-af62-443b-a3ac-07c9bbde5009",
              "parentUUID": "67957ce0-812f-4c02-9b24-40935d903ee3",
              "isHook": false,
              "skipped": false
            }
          ],
          "suites": [],
          "passes": [
            "ed76c8f7-af62-443b-a3ac-07c9bbde5009"
          ],
          "failures": [],
          "pending": [],
          "skipped": [],
          "duration": 1161,
          "root": false,
          "rootEmpty": false,
          "_timeout": 2000
        }
      ],
      "passes": [],
      "failures": [],
      "pending": [],
      "skipped": [],
      "duration": 0,
      "root": true,
      "rootEmpty": true,
      "_timeout": 2000
    }
  ],
  "meta": {
    "mocha": {
      "version": "7.0.1"
    },
    "mochawesome": {
      "options": {
        "quiet": false,
        "reportFilename": "mochawesome",
        "saveHtml": true,
        "saveJson": true,
        "consoleReporter": "spec",
        "useInlineDiffs": false,
        "code": true
      },
      "version": "7.1.3"
    },
    "marge": {
      "options": {
        "reportDir": "report",
        "overwrite": false,
        "html": true,
        "json": true
      },
      "version": "6.2.0"
    }
  }
}