{
  "stats": {
    "suites": 1,
    "tests": 1,
    "passes": 1,
    "pending": 0,
    "failures": 0,
    "start": "2025-04-07T13:38:16.645Z",
    "end": "2025-04-07T13:38:23.415Z",
    "duration": 6770,
    "testsRegistered": 1,
    "passPercent": 100,
    "pendingPercent": 0,
    "other": 0,
    "hasOther": false,
    "skipped": 0,
    "hasSkipped": false
  },
  "results": [
    {
      "uuid": "293828c2-81bf-4989-b384-43594a112774",
      "title": "",
      "fullFile": "cypress\\e2e\\checkbox.cy.js",
      "file": "cypress\\e2e\\checkbox.cy.js",
      "beforeHooks": [],
      "afterHooks": [],
      "tests": [],
      "suites": [
        {
          "uuid": "3caadce3-6a8f-46a9-bff6-2b7500907e29",
          "title": "checkbox handling",
          "fullFile": "",
          "file": "",
          "beforeHooks": [],
          "afterHooks": [],
          "tests": [
            {
              "title": "should handle the checkbox",
              "fullTitle": "checkbox handling should handle the checkbox",
              "timedOut": null,
              "duration": 3393,
              "state": "passed",
              "speed": "fast",
              "pass": true,
              "fail": false,
              "pending": false,
              "context": null,
              "code": "cy.visit('https://the-internet.herokuapp.com/checkboxes');\ncy.get('#checkboxes > :nth-child(1)').check();\ncy.get('#checkboxes > :nth-child(3)').uncheck();",
              "err": {},
              "uuid": "dd9600ed-e446-465c-bded-76abcc97a128",
              "parentUUID": "3caadce3-6a8f-46a9-bff6-2b7500907e29",
              "isHook": false,
              "skipped": false
            }
          ],
          "suites": [],
          "passes": [
            "dd9600ed-e446-465c-bded-76abcc97a128"
          ],
          "failures": [],
          "pending": [],
          "skipped": [],
          "duration": 3393,
          "root": false,
          "rootEmpty": false,
          "_timeout": 2000
        }
      ],
      "passes": [],
      "failures": [],
      "pending": [],
      "skipped": [],
      "duration": 0,
      "root": true,
      "rootEmpty": true,
      "_timeout": 2000
    }
  ],
  "meta": {
    "mocha": {
      "version": "7.0.1"
    },
    "mochawesome": {
      "options": {
        "quiet": false,
        "reportFilename": "mochawesome",
        "saveHtml": true,
        "saveJson": true,
        "consoleReporter": "spec",
        "useInlineDiffs": false,
        "code": true
      },
      "version": "7.1.3"
    },
    "marge": {
      "options": {
        "reportDir": "report",
        "overwrite": false,
        "html": true,
        "json": true
      },
      "version": "6.2.0"
    }
  }
}