{
  "stats": {
    "suites": 1,
    "tests": 1,
    "passes": 1,
    "pending": 0,
    "failures": 0,
    "start": "2025-04-16T05:58:45.115Z",
    "end": "2025-04-16T05:58:46.230Z",
    "duration": 1115,
    "testsRegistered": 1,
    "passPercent": 100,
    "pendingPercent": 0,
    "other": 0,
    "hasOther": false,
    "skipped": 0,
    "hasSkipped": false
  },
  "results": [
    {
      "uuid": "a221d53d-5751-4a85-a228-320a762ba2f7",
      "title": "",
      "fullFile": "cypress\\e2e\\loginApi.cy.js",
      "file": "cypress\\e2e\\loginApi.cy.js",
      "beforeHooks": [],
      "afterHooks": [],
      "tests": [],
      "suites": [
        {
          "uuid": "a9b0ccf7-2882-4496-ba75-d3cdf8a1e2ed",
          "title": "API Authentication Test",
          "fullFile": "",
          "file": "",
          "beforeHooks": [],
          "afterHooks": [],
          "tests": [
            {
              "title": "should authenticate successfully",
              "fullTitle": "API Authentication Test should authenticate successfully",
              "timedOut": null,
              "duration": 1092,
              "state": "passed",
              "speed": "fast",
              "pass": true,
              "fail": false,
              "pending": false,
              "context": null,
              "code": "cy.request({\n  method: 'POST',\n  url: 'http://20.203.35.168/api/auth/login',\n  headers: {\n    platform: 'admin',\n    'Content-Type': 'application/json'\n  },\n  body: {\n    \"email\": \"ecommerceadmin@yopmail.com\",\n    \"password\": \"Test@123\"\n  }\n}).then(response => {\n  // Validate the status code\n  expect(response.status).to.eq(200);\n});",
              "err": {},
              "uuid": "03506a80-eb7e-4a3d-b8ef-a0a0f0f89e46",
              "parentUUID": "a9b0ccf7-2882-4496-ba75-d3cdf8a1e2ed",
              "isHook": false,
              "skipped": false
            }
          ],
          "suites": [],
          "passes": [
            "03506a80-eb7e-4a3d-b8ef-a0a0f0f89e46"
          ],
          "failures": [],
          "pending": [],
          "skipped": [],
          "duration": 1092,
          "root": false,
          "rootEmpty": false,
          "_timeout": 2000
        }
      ],
      "passes": [],
      "failures": [],
      "pending": [],
      "skipped": [],
      "duration": 0,
      "root": true,
      "rootEmpty": true,
      "_timeout": 2000
    }
  ],
  "meta": {
    "mocha": {
      "version": "7.0.1"
    },
    "mochawesome": {
      "options": {
        "quiet": false,
        "reportFilename": "mochawesome",
        "saveHtml": false,
        "saveJson": true,
        "consoleReporter": "spec",
        "useInlineDiffs": false,
        "code": true
      },
      "version": "7.1.3"
    },
    "marge": {
      "options": {
        "reportDir": "cypress/reports",
        "overwrite": false,
        "html": false,
        "json": true
      },
      "version": "6.2.0"
    }
  }
}