{
  "stats": {
    "suites": 1,
    "tests": 1,
    "passes": 1,
    "pending": 0,
    "failures": 0,
    "start": "2025-04-16T05:58:48.244Z",
    "end": "2025-04-16T05:58:54.996Z",
    "duration": 6752,
    "testsRegistered": 1,
    "passPercent": 100,
    "pendingPercent": 0,
    "other": 0,
    "hasOther": false,
    "skipped": 0,
    "hasSkipped": false
  },
  "results": [
    {
      "uuid": "a0ab28c6-2f81-4926-b584-5bbfe1e07d7b",
      "title": "",
      "fullFile": "cypress\\e2e\\radioButton.cy.js",
      "file": "cypress\\e2e\\radioButton.cy.js",
      "beforeHooks": [],
      "afterHooks": [],
      "tests": [],
      "suites": [
        {
          "uuid": "83e499c9-08ec-43f8-b65a-3103efb59647",
          "title": "Radiobutton handling",
          "fullFile": "",
          "file": "",
          "beforeHooks": [],
          "afterHooks": [],
          "tests": [
            {
              "title": "should handle the radio button",
              "fullTitle": "Radiobutton handling should handle the radio button",
              "timedOut": null,
              "duration": 3248,
              "state": "passed",
              "speed": "fast",
              "pass": true,
              "fail": false,
              "pending": false,
              "context": null,
              "code": "cy.visit('https://practice.expandtesting.com/radio-buttons');\ncy.get(':nth-child(1) > .card > .card-body > .row > .row-md-6 > :nth-child(3)').click();\ncy.get('#red').check();\ncy.get('#blue').check();\ncy.get('#basketball').check();\ncy.get('#football').check();",
              "err": {},
              "uuid": "30e2659f-c900-4cda-82e9-5e2bcfd6cf8a",
              "parentUUID": "83e499c9-08ec-43f8-b65a-3103efb59647",
              "isHook": false,
              "skipped": false
            }
          ],
          "suites": [],
          "passes": [
            "30e2659f-c900-4cda-82e9-5e2bcfd6cf8a"
          ],
          "failures": [],
          "pending": [],
          "skipped": [],
          "duration": 3248,
          "root": false,
          "rootEmpty": false,
          "_timeout": 2000
        }
      ],
      "passes": [],
      "failures": [],
      "pending": [],
      "skipped": [],
      "duration": 0,
      "root": true,
      "rootEmpty": true,
      "_timeout": 2000
    }
  ],
  "meta": {
    "mocha": {
      "version": "7.0.1"
    },
    "mochawesome": {
      "options": {
        "quiet": false,
        "reportFilename": "mochawesome",
        "saveHtml": false,
        "saveJson": true,
        "consoleReporter": "spec",
        "useInlineDiffs": false,
        "code": true
      },
      "version": "7.1.3"
    },
    "marge": {
      "options": {
        "reportDir": "cypress/reports",
        "overwrite": false,
        "html": false,
        "json": true
      },
      "version": "6.2.0"
    }
  }
}