{
  "stats": {
    "suites": 1,
    "tests": 1,
    "passes": 1,
    "pending": 0,
    "failures": 0,
    "start": "2025-04-16T05:58:57.650Z",
    "end": "2025-04-16T05:59:05.763Z",
    "duration": 8113,
    "testsRegistered": 1,
    "passPercent": 100,
    "pendingPercent": 0,
    "other": 0,
    "hasOther": false,
    "skipped": 0,
    "hasSkipped": false
  },
  "results": [
    {
      "uuid": "fa985519-b90c-4bdb-935c-17ead1f6bf12",
      "title": "",
      "fullFile": "cypress\\e2e\\recordingScript.cy.js",
      "file": "cypress\\e2e\\recordingScript.cy.js",
      "beforeHooks": [],
      "afterHooks": [],
      "tests": [],
      "suites": [
        {
          "uuid": "7211643c-ab42-454f-a753-2745009c1792",
          "title": "Recording script and Drodown handling",
          "fullFile": "",
          "file": "",
          "beforeHooks": [],
          "afterHooks": [],
          "tests": [
            {
              "title": "should handle the dropdown",
              "fullTitle": "Recording script and Drodown handling should handle the dropdown",
              "timedOut": null,
              "duration": 6549,
              "state": "passed",
              "speed": "medium",
              "pass": true,
              "fail": false,
              "pending": false,
              "context": null,
              "code": "/* ==== Generated with Cypress Studio ==== */\n//Recording script with cypress studio\ncy.visit('https://ecommerce-admin.azureedge.net/');\ncy.get('[data-testid=\"email-input\"]').type('ecommerceadmin@yopmail.com');\ncy.get('.md\\\\:col-12').click();\ncy.get('[data-testid=\"password-input\"]').type('Test@123');\ncy.get('[data-testid=\"submit\"]').click();\ncy.get('#p-accordiontab-0').click();\ncy.get('ul.ng-star-inserted > :nth-child(1) > a').click();\n//Handling dropdown\ncy.get('[data-testid=\"delivery-method-filter\"] > .p-dropdown > .p-dropdown-trigger').click();\ncy.get('[ng-reflect-label=\"Store Pickup\"] > .p-ripple').click();\n/* ==== End Cypress Studio ==== */",
              "err": {},
              "uuid": "70958c5d-06ae-464a-b858-ae050b2087ae",
              "parentUUID": "7211643c-ab42-454f-a753-2745009c1792",
              "isHook": false,
              "skipped": false
            }
          ],
          "suites": [],
          "passes": [
            "70958c5d-06ae-464a-b858-ae050b2087ae"
          ],
          "failures": [],
          "pending": [],
          "skipped": [],
          "duration": 6549,
          "root": false,
          "rootEmpty": false,
          "_timeout": 2000
        }
      ],
      "passes": [],
      "failures": [],
      "pending": [],
      "skipped": [],
      "duration": 0,
      "root": true,
      "rootEmpty": true,
      "_timeout": 2000
    }
  ],
  "meta": {
    "mocha": {
      "version": "7.0.1"
    },
    "mochawesome": {
      "options": {
        "quiet": false,
        "reportFilename": "mochawesome",
        "saveHtml": false,
        "saveJson": true,
        "consoleReporter": "spec",
        "useInlineDiffs": false,
        "code": true
      },
      "version": "7.1.3"
    },
    "marge": {
      "options": {
        "reportDir": "cypress/reports",
        "overwrite": false,
        "html": false,
        "json": true
      },
      "version": "6.2.0"
    }
  }
}