{
  "stats": {
    "suites": 1,
    "tests": 1,
    "passes": 1,
    "pending": 0,
    "failures": 0,
    "start": "2025-04-16T05:58:23.021Z",
    "end": "2025-04-16T05:58:27.390Z",
    "duration": 4369,
    "testsRegistered": 1,
    "passPercent": 100,
    "pendingPercent": 0,
    "other": 0,
    "hasOther": false,
    "skipped": 0,
    "hasSkipped": false
  },
  "results": [
    {
      "uuid": "bbf6dd00-5044-4306-a8b7-99eb873d2bb9",
      "title": "",
      "fullFile": "cypress\\e2e\\fixture.cy.js",
      "file": "cypress\\e2e\\fixture.cy.js",
      "beforeHooks": [],
      "afterHooks": [],
      "tests": [],
      "suites": [
        {
          "uuid": "23d0da01-aafe-4565-a001-7a0fafb4782c",
          "title": "import fixtures data",
          "fullFile": "",
          "file": "",
          "beforeHooks": [],
          "afterHooks": [],
          "tests": [
            {
              "title": "should login into the application",
              "fullTitle": "import fixtures data should login into the application",
              "timedOut": null,
              "duration": 2823,
              "state": "passed",
              "speed": "fast",
              "pass": true,
              "fail": false,
              "pending": false,
              "context": null,
              "code": "cy.visit('https://ecommerce-admin.azureedge.net/');\n//Import data from fixtures and page object\ncy.fixture('loginData').then(loginData => {\n  loginPage.getEmailInput().type(loginData.email);\n  loginPage.getPasswordInput().type(loginData.password);\n  loginPage.getSubmitButton().click();\n});",
              "err": {},
              "uuid": "c7ba433b-9fa6-4681-9555-28515e2ce5bb",
              "parentUUID": "23d0da01-aafe-4565-a001-7a0fafb4782c",
              "isHook": false,
              "skipped": false
            }
          ],
          "suites": [],
          "passes": [
            "c7ba433b-9fa6-4681-9555-28515e2ce5bb"
          ],
          "failures": [],
          "pending": [],
          "skipped": [],
          "duration": 2823,
          "root": false,
          "rootEmpty": false,
          "_timeout": 2000
        }
      ],
      "passes": [],
      "failures": [],
      "pending": [],
      "skipped": [],
      "duration": 0,
      "root": true,
      "rootEmpty": true,
      "_timeout": 2000
    }
  ],
  "meta": {
    "mocha": {
      "version": "7.0.1"
    },
    "mochawesome": {
      "options": {
        "quiet": false,
        "reportFilename": "mochawesome",
        "saveHtml": false,
        "saveJson": true,
        "consoleReporter": "spec",
        "useInlineDiffs": false,
        "code": true
      },
      "version": "7.1.3"
    },
    "marge": {
      "options": {
        "reportDir": "cypress/reports",
        "overwrite": false,
        "html": false,
        "json": true
      },
      "version": "6.2.0"
    }
  }
}