{
  "stats": {
    "suites": 1,
    "tests": 1,
    "passes": 1,
    "pending": 0,
    "failures": 0,
    "start": "2025-04-16T05:58:06.958Z",
    "end": "2025-04-16T05:58:12.631Z",
    "duration": 5673,
    "testsRegistered": 1,
    "passPercent": 100,
    "pendingPercent": 0,
    "other": 0,
    "hasOther": false,
    "skipped": 0,
    "hasSkipped": false
  },
  "results": [
    {
      "uuid": "0e5e8361-9779-4014-8a35-5602f19751c5",
      "title": "",
      "fullFile": "cypress\\e2e\\checkbox.cy.js",
      "file": "cypress\\e2e\\checkbox.cy.js",
      "beforeHooks": [],
      "afterHooks": [],
      "tests": [],
      "suites": [
        {
          "uuid": "ebb1ca3e-eabb-4cf9-adbf-4597f39f7fd7",
          "title": "checkbox handling",
          "fullFile": "",
          "file": "",
          "beforeHooks": [],
          "afterHooks": [],
          "tests": [
            {
              "title": "should handle the checkbox",
              "fullTitle": "checkbox handling should handle the checkbox",
              "timedOut": null,
              "duration": 2357,
              "state": "passed",
              "speed": "fast",
              "pass": true,
              "fail": false,
              "pending": false,
              "context": null,
              "code": "cy.visit('https://the-internet.herokuapp.com/checkboxes');\ncy.get('#checkboxes > :nth-child(1)').check();\ncy.get('#checkboxes > :nth-child(3)').uncheck();",
              "err": {},
              "uuid": "e19d8f61-a2a0-43ad-b9a1-bdc38770324f",
              "parentUUID": "ebb1ca3e-eabb-4cf9-adbf-4597f39f7fd7",
              "isHook": false,
              "skipped": false
            }
          ],
          "suites": [],
          "passes": [
            "e19d8f61-a2a0-43ad-b9a1-bdc38770324f"
          ],
          "failures": [],
          "pending": [],
          "skipped": [],
          "duration": 2357,
          "root": false,
          "rootEmpty": false,
          "_timeout": 2000
        }
      ],
      "passes": [],
      "failures": [],
      "pending": [],
      "skipped": [],
      "duration": 0,
      "root": true,
      "rootEmpty": true,
      "_timeout": 2000
    }
  ],
  "meta": {
    "mocha": {
      "version": "7.0.1"
    },
    "mochawesome": {
      "options": {
        "quiet": false,
        "reportFilename": "mochawesome",
        "saveHtml": false,
        "saveJson": true,
        "consoleReporter": "spec",
        "useInlineDiffs": false,
        "code": true
      },
      "version": "7.1.3"
    },
    "marge": {
      "options": {
        "reportDir": "cypress/report",
        "overwrite": false,
        "html": false,
        "json": true
      },
      "version": "6.2.0"
    }
  }
}