{
  "stats": {
    "suites": 1,
    "tests": 1,
    "passes": 0,
    "pending": 0,
    "failures": 1,
    "start": "2025-04-16T05:59:07.880Z",
    "end": "2025-04-16T05:59:31.747Z",
    "duration": 23867,
    "testsRegistered": 1,
    "passPercent": 0,
    "pendingPercent": 0,
    "other": 0,
    "hasOther": false,
    "skipped": 0,
    "hasSkipped": false
  },
  "results": [
    {
      "uuid": "3847b8f0-7826-460a-be97-9c09f2d578a3",
      "title": "",
      "fullFile": "cypress\\e2e\\retry.cy.js",
      "file": "cypress\\e2e\\retry.cy.js",
      "beforeHooks": [],
      "afterHooks": [],
      "tests": [],
      "suites": [
        {
          "uuid": "380c64e9-44f4-4db4-8f73-cfd2a00d1647",
          "title": "Retry mechanism",
          "fullFile": "",
          "file": "",
          "beforeHooks": [],
          "afterHooks": [],
          "tests": [
            {
              "title": "should retry the test if it fails upto 3 attempts",
              "fullTitle": "Retry mechanism should retry the test if it fails upto 3 attempts",
              "timedOut": null,
              "duration": 7132,
              "state": "failed",
              "speed": null,
              "pass": false,
              "fail": true,
              "pending": false,
              "context": null,
              "code": "cy.visit('https://ecommerce-admin.azureedge.net/');\nloginPage.getEmailInput().type('ecommerceadmin@yopmail.com');\nloginPage.getPasswordInput().type('Test123'); // Intentionally incorrect password to trigger retry\nloginPage.getSubmitButton().click();\n// Verify the URL contains '/dashboard'\n//Handling Assertion\nloginPage.verifyDashboardUrl();",
              "err": {
                "message": "AssertionError: Timed out retrying after 4000ms: expected 'https://ecommerce-admin.azureedge.net/login' to include '/dashboard'",
                "estack": "AssertionError: Timed out retrying after 4000ms: expected 'https://ecommerce-admin.azureedge.net/login' to include '/dashboard'\n    at LoginPage.verifyDashboardUrl (webpack://poccypressassessment/./cypress/support/login.po.js:20:17)\n    at Context.eval (webpack://poccypressassessment/./cypress/e2e/retry.cy.js:21:14)",
                "diff": null
              },
              "uuid": "0bdbdadd-185c-4483-ac48-e2a42376f700",
              "parentUUID": "380c64e9-44f4-4db4-8f73-cfd2a00d1647",
              "isHook": false,
              "skipped": false
            }
          ],
          "suites": [],
          "passes": [],
          "failures": [
            "0bdbdadd-185c-4483-ac48-e2a42376f700"
          ],
          "pending": [],
          "skipped": [],
          "duration": 7132,
          "root": false,
          "rootEmpty": false,
          "_timeout": 2000
        }
      ],
      "passes": [],
      "failures": [],
      "pending": [],
      "skipped": [],
      "duration": 0,
      "root": true,
      "rootEmpty": true,
      "_timeout": 2000
    }
  ],
  "meta": {
    "mocha": {
      "version": "7.0.1"
    },
    "mochawesome": {
      "options": {
        "quiet": false,
        "reportFilename": "mochawesome",
        "saveHtml": false,
        "saveJson": true,
        "consoleReporter": "spec",
        "useInlineDiffs": false,
        "code": true
      },
      "version": "7.1.3"
    },
    "marge": {
      "options": {
        "reportDir": "cypress/reports",
        "overwrite": false,
        "html": false,
        "json": true
      },
      "version": "6.2.0"
    }
  }
}